DiagnosticsPlugin.exe Information: 0 : [29/12/2019 22:46:55] Starting DiagnosticPlugin.exe DiagnosticPlugin-ShutdownEvent DiagnosticPlugin-TotalShutdownEvent -wadVer1v5
DiagnosticsPlugin.exe Information: 0 : [29/12/2019 22:46:55] Successfully saved IIS Directory state
DiagnosticsPlugin.exe Information: 0 : [29/12/2019 22:46:55] Starting DiagnosticsPlugin
DiagnosticsPlugin.exe Information: 0 : [29/12/2019 22:46:55] Emulator config file set to C:\Users\p0011111\source\repos\AzureCloudServicePlayIt\AzureCloudServicePlayIt\csx\Debug\roles\WorkerRole1\approot\diagnostics.wadcfgx
DiagnosticsPlugin.exe Information: 0 : [29/12/2019 22:46:55] DiagnosticsStoreRootPath set to: C:\Users\p0011111\AppData\Local\dftmp\Resources\affee6bf-c865-45c6-9f55-f52f5a053a53
DiagnosticsPlugin.exe Information: 0 : [29/12/2019 22:46:55] Loading config file: C:\Users\p0011111\source\repos\AzureCloudServicePlayIt\AzureCloudServicePlayIt\csx\Debug\roles\WorkerRole1\approot\diagnostics.wadcfgx
DiagnosticsPlugin.exe Information: 0 : [29/12/2019 22:46:55] Config file to read: C:\Users\p0011111\source\repos\AzureCloudServicePlayIt\AzureCloudServicePlayIt\csx\Debug\roles\WorkerRole1\approot\diagnostics.wadcfgx
DiagnosticsPlugin.exe Information: 0 : [29/12/2019 22:46:55] Checking VM Type
DiagnosticsPlugin.exe Information: 0 : [29/12/2019 22:46:55] Emulator config file set to C:\Users\p0011111\source\repos\AzureCloudServicePlayIt\AzureCloudServicePlayIt\csx\Debug\roles\WorkerRole1\approot\diagnostics.wadcfgx
DiagnosticsPlugin.exe Information: 0 : [29/12/2019 22:46:55] Extension set to Emulator Mode
DiagnosticsPlugin.exe Information: 0 : [29/12/2019 22:46:55] Reading XML configuration file
DiagnosticsPlugin.exe Information: 0 : [29/12/2019 22:46:55] Bypassing private config decryption
DiagnosticsPlugin.exe Information: 0 : [29/12/2019 22:46:55] WadCfg is provided in initial configuration. Using that to initialize Diagnostics.
DiagnosticsPlugin.exe Information: 0 : [29/12/2019 22:46:55] <PublicConfig xmlns="http://schemas.microsoft.com/ServiceHosting/2010/10/DiagnosticsConfiguration">
  <WadCfg>
    <DiagnosticMonitorConfiguration overallQuotaInMB="4096">
      <DiagnosticInfrastructureLogs scheduledTransferLogLevelFilter="Error" />
      <Logs scheduledTransferPeriod="PT1M" scheduledTransferLogLevelFilter="Error" />
      <Directories scheduledTransferPeriod="PT1M">
        <IISLogs containerName="wad-iis-logfiles" />
        <FailedRequestLogs containerName="wad-failedrequestlogs" />
      </Directories>
      <WindowsEventLog scheduledTransferPeriod="PT1M">
        <DataSource name="Application!*[System[(Level=1 or Level=2 or Level=3)]]" />
        <DataSource name="Windows Azure!*[System[(Level=1 or Level=2 or Level=3 or Level=4)]]" />
      </WindowsEventLog>
      <CrashDumps containerName="wad-crashdumps" dumpType="Mini">
        <CrashDumpConfiguration processName="WaIISHost.exe" />
        <CrashDumpConfiguration processName="WaWorkerHost.exe" />
        <CrashDumpConfiguration processName="w3wp.exe" />
      </CrashDumps>
      <PerformanceCounters scheduledTransferPeriod="PT1M">
        <PerformanceCounterConfiguration counterSpecifier="\Memory\Available MBytes" sampleRate="PT3M" />
        <PerformanceCounterConfiguration counterSpecifier="\Web Service(_Total)\ISAPI Extension Requests/sec" sampleRate="PT3M" />
        <PerformanceCounterConfiguration counterSpecifier="\Web Service(_Total)\Bytes Total/Sec" sampleRate="PT3M" />
        <PerformanceCounterConfiguration counterSpecifier="\ASP.NET Applications(__Total__)\Requests/Sec" sampleRate="PT3M" />
        <PerformanceCounterConfiguration counterSpecifier="\ASP.NET Applications(__Total__)\Errors Total/Sec" sampleRate="PT3M" />
        <PerformanceCounterConfiguration counterSpecifier="\ASP.NET\Requests Queued" sampleRate="PT3M" />
        <PerformanceCounterConfiguration counterSpecifier="\ASP.NET\Requests Rejected" sampleRate="PT3M" />
        <PerformanceCounterConfiguration counterSpecifier="\Processor(_Total)\% Processor Time" sampleRate="PT3M" />
      </PerformanceCounters>
    </DiagnosticMonitorConfiguration>
  </WadCfg>
  <StorageAccount>devstoreaccount1</StorageAccount>
</PublicConfig>
DiagnosticsPlugin.exe Information: 0 : [29/12/2019 22:46:55] Private setting is loaded
DiagnosticsPlugin.exe Information: 0 : [29/12/2019 22:46:55] Is config json/xml loaded
DiagnosticsPlugin.exe Information: 0 : [29/12/2019 22:46:55] Checking if configuration needs to be fetched from the storage account and doing so if needed.
DiagnosticsPlugin.exe Information: 0 : [29/12/2019 22:46:55] Successfully created checkpoint file C:\Users\p0011111\AppData\Local\dftmp\Resources\affee6bf-c865-45c6-9f55-f52f5a053a53\WAD0105\Configuration\Checkpoint.txt
DiagnosticsPlugin.exe Information: 0 : [29/12/2019 22:46:55] Will use local resource directory C:\Users\p0011111\AppData\Local\dftmp\Resources\affee6bf-c865-45c6-9f55-f52f5a053a53\WAD0105
DiagnosticsPlugin.exe Information: 0 : [29/12/2019 22:46:56] Will use endpoint https://core.windows.net for storage.
DiagnosticsPlugin.exe Information: 0 : [29/12/2019 22:46:56] Expanding path %SystemDrive%\inetpub\logs\LogFiles to C:\inetpub\logs\LogFiles
DiagnosticsPlugin.exe Information: 0 : [29/12/2019 22:46:56] Expanding path %SystemDrive%\inetpub\logs\FailedReqLogFiles to C:\inetpub\logs\FailedReqLogFiles
DiagnosticsPlugin.exe Information: 0 : [29/12/2019 22:46:56] Created IIS log watch item: "C:\inetpub\logs\LogFiles"
DiagnosticsPlugin.exe Information: 0 : [29/12/2019 22:46:56] Created IIS failed requests watch item: "C:\inetpub\logs\FailedReqLogFiles"
DiagnosticsPlugin.exe Information: 0 : [29/12/2019 22:46:56] Running in emulator mode, crash dumps not enabled
DiagnosticsPlugin.exe Information: 0 : [29/12/2019 22:46:56] Checking to see if Application Insights extension needs to be configured.
DiagnosticsPlugin.exe Information: 0 : [29/12/2019 22:46:56] In emulator mode and using devstore updating XStoreAccount info, command line args: -LocalPath "C:\Users\p0011111\AppData\Local\dftmp\Resources\affee6bf-c865-45c6-9f55-f52f5a053a53\WAD0105"  -ConfigFile "C:\Users\p0011111\AppData\Local\dftmp\Resources\affee6bf-c865-45c6-9f55-f52f5a053a53\WAD0105\Configuration\MaConfig.xml" -ShutDownEvent WADDM-ShutDown-df3db70bd8904dafbbb29255a5a07531  -TotalShutDownEvent WADDM-TotalShutDown-df3db70bd8904dafbbb29255a5a07531 -InitializedEvent WADM-StartUp-df3db70bd8904dafbbb29255a5a07531 -parent 10080 -events -wadVer1v5 -UseProxyServer -XStoreAccounts WadAccount#true#devstoreaccount1#Eby8vdM02xNOcqFlqUwJPLlmEtlCDXJ1OUzFT50uSRZ6IFsuFq2UVErCz4I6tq/K1SZFPTOtr/KBHBeksoGMGw==#http://127.0.0.1:10002#http://127.0.0.1:10001#http://127.0.0.1:10000
DiagnosticsPlugin.exe Error: 0 : [29/12/2019 22:47:27] Microsoft.Cis.Monitoring.Query.QueryException: ErrorFail
   at Microsoft.Cis.Monitoring.Query.QueryLocalTable..ctor(String TableName, String TablePath)
   at ApplicationInsightsExtension.MATableReader.ReadTableRecords(String tableName, String tablePath, DateTime startTime, DateTime endTime)
   at Microsoft.Azure.Plugins.Diagnostics.dll.MAStatusWriter.UpdateStatusReport(Object sender, ElapsedEventArgs e)
